0 info it worked if it ends with ok
1 verbose cli [ 'C:\\Program Files\\nodejs\\node.exe',
1 verbose cli   'C:\\Program Files\\nodejs\\node_modules\\npm\\bin\\npm-cli.js',
1 verbose cli   'run-script',
1 verbose cli   'lint:watch' ]
2 info using npm@3.10.10
3 info using node@v6.11.4
4 verbose run-script [ 'prelint:watch', 'lint:watch', 'postlint:watch' ]
5 info lifecycle pluralsight-redux-starter@1.0.0~prelint:watch: pluralsight-redux-starter@1.0.0
6 silly lifecycle pluralsight-redux-starter@1.0.0~prelint:watch: no script for prelint:watch, continuing
7 info lifecycle pluralsight-redux-starter@1.0.0~lint:watch: pluralsight-redux-starter@1.0.0
8 verbose lifecycle pluralsight-redux-starter@1.0.0~lint:watch: unsafe-perm in lifecycle true
9 verbose lifecycle pluralsight-redux-starter@1.0.0~lint:watch: PATH: C:\Program Files\nodejs\node_modules\npm\bin\node-gyp-bin;E:\workplace\reactjs\react-redux\node_modules\.bin;C:\Program Files\nodejs\node_modules\npm\bin\node-gyp-bin;E:\workplace\reactjs\react-redux\node_modules\.bin;C:\Users\manish\bin;C:\Program Files\Git\mingw32\bin;C:\Program Files\Git\usr\local\bin;C:\Program Files\Git\usr\bin;C:\Program Files\Git\usr\bin;C:\Program Files\Git\mingw32\bin;C:\Program Files\Git\usr\bin;C:\Users\manish\bin;C:\Program Files\PC Connectivity Solution;C:\Windows\system32;C:\Windows;C:\Windows\System32\Wbem;C:\Windows\System32\WindowsPowerShell\v1.0;C:\Program Files\Intel\OpenCL SDK\2.0\bin\x86;C:\Program Files\nodejs;C:\Program Files\Git\cmd;C:\Program Files\Bitvise SSH Client;C:\Program Files\Microsoft Windows Performance Toolkit;C:\Users\manish\AppData\Roaming\npm;C:\Program Files\Git\usr\bin\vendor_perl;C:\Program Files\Git\usr\bin\core_perl
10 verbose lifecycle pluralsight-redux-starter@1.0.0~lint:watch: CWD: E:\workplace\reactjs\react-redux
11 silly lifecycle pluralsight-redux-starter@1.0.0~lint:watch: Args: [ '/d /s /c', 'npm run lint -- --watch' ]
12 silly lifecycle pluralsight-redux-starter@1.0.0~lint:watch: Returned: code: 1073807364  signal: null
13 info lifecycle pluralsight-redux-starter@1.0.0~lint:watch: Failed to exec lint:watch script
14 verbose stack Error: pluralsight-redux-starter@1.0.0 lint:watch: `npm run lint -- --watch`
14 verbose stack Exit status 1073807364
14 verbose stack     at EventEmitter.<anonymous> (C:\Program Files\nodejs\node_modules\npm\lib\utils\lifecycle.js:255:16)
14 verbose stack     at emitTwo (events.js:106:13)
14 verbose stack     at EventEmitter.emit (events.js:191:7)
14 verbose stack     at ChildProcess.<anonymous> (C:\Program Files\nodejs\node_modules\npm\lib\utils\spawn.js:40:14)
14 verbose stack     at emitTwo (events.js:106:13)
14 verbose stack     at ChildProcess.emit (events.js:191:7)
14 verbose stack     at maybeClose (internal/child_process.js:920:16)
14 verbose stack     at Process.ChildProcess._handle.onexit (internal/child_process.js:230:5)
15 verbose pkgid pluralsight-redux-starter@1.0.0
16 verbose cwd E:\workplace\reactjs\react-redux
17 error Windows_NT 6.1.7601
18 error argv "C:\\Program Files\\nodejs\\node.exe" "C:\\Program Files\\nodejs\\node_modules\\npm\\bin\\npm-cli.js" "run-script" "lint:watch"
19 error node v6.11.4
20 error npm  v3.10.10
21 error code ELIFECYCLE
22 error pluralsight-redux-starter@1.0.0 lint:watch: `npm run lint -- --watch`
22 error Exit status 1073807364
23 error Failed at the pluralsight-redux-starter@1.0.0 lint:watch script 'npm run lint -- --watch'.
23 error Make sure you have the latest version of node.js and npm installed.
23 error If you do, this is most likely a problem with the pluralsight-redux-starter package,
23 error not with npm itself.
23 error Tell the author that this fails on your system:
23 error     npm run lint -- --watch
23 error You can get information on how to open an issue for this project with:
23 error     npm bugs pluralsight-redux-starter
23 error Or if that isn't available, you can get their info via:
23 error     npm owner ls pluralsight-redux-starter
23 error There is likely additional logging output above.
24 verbose exit [ 1, true ]
